<?xml version="1.0" encoding="UTF-8"?>
<testng-results skipped="0" failed="0" ignored="0" total="1" passed="1">
  <reporter-output>
  </reporter-output>
  <suite name="Suite" duration-ms="171" started-at="2020-01-15T14:34:59 IST" finished-at="2020-01-15T14:34:59 IST">
    <groups>
    </groups>
    <test name="Test" duration-ms="171" started-at="2020-01-15T14:34:59 IST" finished-at="2020-01-15T14:34:59 IST">
      <class name="PackageOrangeHrm.OrangeHRM.TestCases">
        <test-method status="PASS" signature="launchBrowser()[pri:0, instance:PackageOrangeHrm.OrangeHRM.TestCases@5442a311]" name="launchBrowser" is-config="true" duration-ms="33382" started-at="2020-01-15T14:34:26 IST" finished-at="2020-01-15T14:34:59 IST">
          <reporter-output>
          </reporter-output>
        </test-method> <!-- launchBrowser -->
        <test-method status="PASS" signature="GetLink()[pri:0, instance:PackageOrangeHrm.OrangeHRM.TestCases@5442a311]" name="GetLink" duration-ms="35" started-at="2020-01-15T14:34:59 IST" finished-at="2020-01-15T14:34:59 IST">
          <reporter-output>
          </reporter-output>
        </test-method> <!-- GetLink -->
      </class> <!-- PackageOrangeHrm.OrangeHRM.TestCases -->
    </test> <!-- Test -->
  </suite> <!-- Suite -->
</testng-results>
