<?xml version="1.0" encoding="UTF-8"?>
<testng-results skipped="0" failed="0" ignored="0" total="2" passed="2">
  <reporter-output>
  </reporter-output>
  <suite name="Default suite" duration-ms="13780" started-at="2020-01-16T09:07:21 IST" finished-at="2020-01-16T09:07:34 IST">
    <groups>
    </groups>
    <test name="Default test" duration-ms="13780" started-at="2020-01-16T09:07:21 IST" finished-at="2020-01-16T09:07:34 IST">
      <class name="PackageOrangeHrm.OrangeHRM.LaunchChrome">
        <test-method status="PASS" signature="TestPass()[pri:0, instance:PackageOrangeHrm.OrangeHRM.LaunchChrome@2b2948e2]" name="TestPass" duration-ms="16" started-at="2020-01-16T09:07:21 IST" finished-at="2020-01-16T09:07:21 IST">
          <reporter-output>
          </reporter-output>
        </test-method> <!-- TestPass -->
        <test-method status="PASS" signature="launchChrome()[pri:0, instance:PackageOrangeHrm.OrangeHRM.LaunchChrome@2b2948e2]" name="launchChrome" duration-ms="13692" started-at="2020-01-16T09:07:21 IST" finished-at="2020-01-16T09:07:34 IST">
          <reporter-output>
          </reporter-output>
        </test-method> <!-- launchChrome -->
      </class> <!-- PackageOrangeHrm.OrangeHRM.LaunchChrome -->
    </test> <!-- Default test -->
  </suite> <!-- Default suite -->
</testng-results>
